# JRE version: OpenJDK Runtime Environment Microsoft-8035246 (17.0.8+7) (build 17.0.8+7-LTS)
# Java VM: OpenJDK 64-Bit Server VM Microsoft-8035246 (17.0.8+7-LTS, mixed mode, sharing, tiered, compressed oops, compressed class ptrs, g1 gc, windows-amd64)
GC Precious Log:
 CPUs: 8 total, 8 available
 Memory: 7952M
 Large Page Support: Disabled
 NUMA Support: Disabled
 Compressed Oops: Enabled (32-bit)
 Heap Region Size: 1M
 Heap Min Capacity: 8M
 Heap Initial Capacity: 126M
 Heap Max Capacity: 2G
 Pre-touch: Disabled
 Parallel Workers: 8
 Concurrent Workers: 2
 Concurrent Refinement Workers: 8
 Periodic GC: Disabled
Heap:
 garbage-first heap   total 295936K, used 219193K [0x0000000080000000, 0x0000000100000000)
  region size 1024K, 109 young (111616K), 5 survivors (5120K)
 Metaspace       used 137026K, committed 137792K, reserved 557056K
  class space    used 16443K, committed 16768K, reserved 425984K
GC Heap History (20 events):
Event: 69.934 GC heap before
{Heap before GC invocations=98 (full 0):
 garbage-first heap   total 263168K, used 217342K [0x0000000080000000, 0x0000000100000000)
  region size 1024K, 103 young (105472K), 13 survivors (13312K)
 Metaspace       used 136781K, committed 137536K, reserved 557056K
  class space    used 16422K, committed 16768K, reserved 425984K
}
Event: 69.941 GC heap after
{Heap after GC invocations=99 (full 0):
 garbage-first heap   total 263168K, used 123741K [0x0000000080000000, 0x0000000100000000)
  region size 1024K, 5 young (5120K), 5 survivors (5120K)
 Metaspace       used 136781K, committed 137536K, reserved 557056K
  class space    used 16422K, committed 16768K, reserved 425984K
}
Event: 69.976 GC heap before
{Heap before GC invocations=99 (full 0):
 garbage-first heap   total 263168K, used 142173K [0x0000000080000000, 0x0000000100000000)
  region size 1024K, 24 young (24576K), 5 survivors (5120K)
 Metaspace       used 136799K, committed 137536K, reserved 557056K
  class space    used 16424K, committed 16768K, reserved 425984K
}
Event: 69.981 GC heap after
{Heap after GC invocations=100 (full 0):
 garbage-first heap   total 263168K, used 122935K [0x0000000080000000, 0x0000000100000000)
  region size 1024K, 4 young (4096K), 4 survivors (4096K)
 Metaspace       used 136799K, committed 137536K, reserved 557056K
  class space    used 16424K, committed 16768K, reserved 425984K
}
Event: 70.237 GC heap before
{Heap before GC invocations=101 (full 0):
 garbage-first heap   total 295936K, used 222263K [0x0000000080000000, 0x0000000100000000)
  region size 1024K, 99 young (101376K), 4 survivors (4096K)
 Metaspace       used 136916K, committed 137664K, reserved 557056K
  class space    used 16443K, committed 16768K, reserved 425984K
}
Event: 70.241 GC heap after
{Heap after GC invocations=102 (full 0):
 garbage-first heap   total 295936K, used 127012K [0x0000000080000000, 0x0000000100000000)
  region size 1024K, 5 young (5120K), 5 survivors (5120K)
 Metaspace       used 136916K, committed 137664K, reserved 557056K
  class space    used 16443K, committed 16768K, reserved 425984K
}
Event: 70.263 GC heap before
{Heap before GC invocations=102 (full 0):
 garbage-first heap   total 295936K, used 136228K [0x0000000080000000, 0x0000000100000000)
  region size 1024K, 14 young (14336K), 5 survivors (5120K)
 Metaspace       used 136919K, committed 137664K, reserved 557056K
  class space    used 16443K, committed 16768K, reserved 425984K
}
Event: 70.268 GC heap after
{Heap after GC invocations=103 (full 0):
 garbage-first heap   total 295936K, used 109714K [0x0000000080000000, 0x0000000100000000)
  region size 1024K, 1 young (1024K), 1 survivors (1024K)
 Metaspace       used 136919K, committed 137664K, reserved 557056K
  class space    used 16443K, committed 16768K, reserved 425984K
}
Event: 70.525 GC heap before
{Heap before GC invocations=103 (full 0):
 garbage-first heap   total 295936K, used 246930K [0x0000000080000000, 0x0000000100000000)
  region size 1024K, 136 young (139264K), 1 survivors (1024K)
 Metaspace       used 136933K, committed 137664K, reserved 557056K
  class space    used 16443K, committed 16768K, reserved 425984K
}
Event: 70.527 GC heap after
{Heap after GC invocations=104 (full 0):
 garbage-first heap   total 295936K, used 110414K [0x0000000080000000, 0x0000000100000000)
  region size 1024K, 2 young (2048K), 2 survivors (2048K)
 Metaspace       used 136933K, committed 137664K, reserved 557056K
  class space    used 16443K, committed 16768K, reserved 425984K
}
Event: 70.850 GC heap before
{Heap before GC invocations=104 (full 0):
 garbage-first heap   total 295936K, used 250702K [0x0000000080000000, 0x0000000100000000)
  region size 1024K, 139 young (142336K), 2 survivors (2048K)
 Metaspace       used 136959K, committed 137728K, reserved 557056K
  class space    used 16443K, committed 16768K, reserved 425984K
}
Event: 70.852 GC heap after
{Heap after GC invocations=105 (full 0):
 garbage-first heap   total 295936K, used 110310K [0x0000000080000000, 0x0000000100000000)
  region size 1024K, 2 young (2048K), 2 survivors (2048K)
 Metaspace       used 136959K, committed 137728K, reserved 557056K
  class space    used 16443K, committed 16768K, reserved 425984K
}
Event: 71.314 GC heap before
{Heap before GC invocations=105 (full 0):
 garbage-first heap   total 295936K, used 252646K [0x0000000080000000, 0x0000000100000000)
  region size 1024K, 141 young (144384K), 2 survivors (2048K)
 Metaspace       used 136990K, committed 137728K, reserved 557056K
  class space    used 16443K, committed 16768K, reserved 425984K
}
Event: 71.316 GC heap after
{Heap after GC invocations=106 (full 0):
 garbage-first heap   total 295936K, used 110667K [0x0000000080000000, 0x0000000100000000)
  region size 1024K, 2 young (2048K), 2 survivors (2048K)
 Metaspace       used 136990K, committed 137728K, reserved 557056K
  class space    used 16443K, committed 16768K, reserved 425984K
}
Event: 71.759 GC heap before
{Heap before GC invocations=106 (full 0):
 garbage-first heap   total 295936K, used 255051K [0x0000000080000000, 0x0000000100000000)
  region size 1024K, 143 young (146432K), 2 survivors (2048K)
 Metaspace       used 137007K, committed 137728K, reserved 557056K
  class space    used 16443K, committed 16768K, reserved 425984K
}
Event: 71.762 GC heap after
{Heap after GC invocations=107 (full 0):
 garbage-first heap   total 295936K, used 111411K [0x0000000080000000, 0x0000000100000000)
  region size 1024K, 3 young (3072K), 3 survivors (3072K)
 Metaspace       used 137007K, committed 137728K, reserved 557056K
  class space    used 16443K, committed 16768K, reserved 425984K
}
Event: 72.050 GC heap before
{Heap before GC invocations=107 (full 0):
 garbage-first heap   total 295936K, used 255795K [0x0000000080000000, 0x0000000100000000)
  region size 1024K, 144 young (147456K), 3 survivors (3072K)
 Metaspace       used 137023K, committed 137792K, reserved 557056K
  class space    used 16443K, committed 16768K, reserved 425984K
}
Event: 72.053 GC heap after
{Heap after GC invocations=108 (full 0):
 garbage-first heap   total 295936K, used 112463K [0x0000000080000000, 0x0000000100000000)
  region size 1024K, 4 young (4096K), 4 survivors (4096K)
 Metaspace       used 137023K, committed 137792K, reserved 557056K
  class space    used 16443K, committed 16768K, reserved 425984K
}
Event: 72.315 GC heap before
{Heap before GC invocations=108 (full 0):
 garbage-first heap   total 295936K, used 256847K [0x0000000080000000, 0x0000000100000000)
  region size 1024K, 145 young (148480K), 4 survivors (4096K)
 Metaspace       used 137025K, committed 137792K, reserved 557056K
  class space    used 16443K, committed 16768K, reserved 425984K
}
Event: 72.318 GC heap after
{Heap after GC invocations=109 (full 0):
 garbage-first heap   total 295936K, used 113721K [0x0000000080000000, 0x0000000100000000)
  region size 1024K, 5 young (5120K), 5 survivors (5120K)
 Metaspace       used 137025K, committed 137792K, reserved 557056K
  class space    used 16443K, committed 16768K, reserved 425984K
}

