# JRE version: OpenJDK Runtime Environment Microsoft-8035246 (17.0.8+7) (build 17.0.8+7-LTS)
# Java VM: OpenJDK 64-Bit Server VM Microsoft-8035246 (17.0.8+7-LTS, mixed mode, sharing, tiered, compressed oops, compressed class ptrs, g1 gc, windows-amd64)
GC Precious Log:
 CPUs: 8 total, 8 available
 Memory: 7952M
 Large Page Support: Disabled
 NUMA Support: Disabled
 Compressed Oops: Enabled (32-bit)
 Heap Region Size: 1M
 Heap Min Capacity: 8M
 Heap Initial Capacity: 126M
 Heap Max Capacity: 2G
 Pre-touch: Disabled
 Parallel Workers: 8
 Concurrent Workers: 2
 Concurrent Refinement Workers: 8
 Periodic GC: Disabled
Heap:
 garbage-first heap   total 165888K, used 88491K [0x0000000080000000, 0x0000000100000000)
  region size 1024K, 7 young (7168K), 6 survivors (6144K)
 Metaspace       used 80119K, committed 80896K, reserved 557056K
  class space    used 11239K, committed 11584K, reserved 425984K
GC Heap History (20 events):
Event: 213.193 GC heap before
{Heap before GC invocations=11 (full 0):
 garbage-first heap   total 81920K, used 62888K [0x0000000080000000, 0x0000000100000000)
  region size 1024K, 31 young (31744K), 3 survivors (3072K)
 Metaspace       used 37605K, committed 38144K, reserved 491520K
  class space    used 5238K, committed 5504K, reserved 425984K
}
Event: 213.198 GC heap after
{Heap after GC invocations=12 (full 0):
 garbage-first heap   total 81920K, used 34798K [0x0000000080000000, 0x0000000100000000)
  region size 1024K, 4 young (4096K), 4 survivors (4096K)
 Metaspace       used 37605K, committed 38144K, reserved 491520K
  class space    used 5238K, committed 5504K, reserved 425984K
}
Event: 213.670 GC heap before
{Heap before GC invocations=13 (full 0):
 garbage-first heap   total 81920K, used 64494K [0x0000000080000000, 0x0000000100000000)
  region size 1024K, 32 young (32768K), 4 survivors (4096K)
 Metaspace       used 40214K, committed 40768K, reserved 491520K
  class space    used 5559K, committed 5824K, reserved 425984K
}
Event: 213.676 GC heap after
{Heap after GC invocations=14 (full 0):
 garbage-first heap   total 163840K, used 36112K [0x0000000080000000, 0x0000000100000000)
  region size 1024K, 2 young (2048K), 2 survivors (2048K)
 Metaspace       used 40214K, committed 40768K, reserved 491520K
  class space    used 5559K, committed 5824K, reserved 425984K
}
Event: 215.656 GC heap before
{Heap before GC invocations=14 (full 0):
 garbage-first heap   total 163840K, used 119056K [0x0000000080000000, 0x0000000100000000)
  region size 1024K, 83 young (84992K), 2 survivors (2048K)
 Metaspace       used 48990K, committed 49600K, reserved 491520K
  class space    used 6977K, committed 7232K, reserved 425984K
}
Event: 215.662 GC heap after
{Heap after GC invocations=15 (full 0):
 garbage-first heap   total 163840K, used 39874K [0x0000000080000000, 0x0000000100000000)
  region size 1024K, 6 young (6144K), 6 survivors (6144K)
 Metaspace       used 48990K, committed 49600K, reserved 491520K
  class space    used 6977K, committed 7232K, reserved 425984K
}
Event: 217.373 GC heap before
{Heap before GC invocations=15 (full 0):
 garbage-first heap   total 163840K, used 135106K [0x0000000080000000, 0x0000000100000000)
  region size 1024K, 88 young (90112K), 6 survivors (6144K)
 Metaspace       used 56419K, committed 57088K, reserved 491520K
  class space    used 8010K, committed 8320K, reserved 425984K
}
Event: 217.381 GC heap after
{Heap after GC invocations=16 (full 0):
 garbage-first heap   total 163840K, used 58452K [0x0000000080000000, 0x0000000100000000)
  region size 1024K, 11 young (11264K), 11 survivors (11264K)
 Metaspace       used 56419K, committed 57088K, reserved 491520K
  class space    used 8010K, committed 8320K, reserved 425984K
}
Event: 218.507 GC heap before
{Heap before GC invocations=16 (full 0):
 garbage-first heap   total 163840K, used 127060K [0x0000000080000000, 0x0000000100000000)
  region size 1024K, 79 young (80896K), 11 survivors (11264K)
 Metaspace       used 62514K, committed 63296K, reserved 491520K
  class space    used 8844K, committed 9216K, reserved 425984K
}
Event: 218.517 GC heap after
{Heap after GC invocations=17 (full 0):
 garbage-first heap   total 163840K, used 61860K [0x0000000080000000, 0x0000000100000000)
  region size 1024K, 4 young (4096K), 4 survivors (4096K)
 Metaspace       used 62514K, committed 63296K, reserved 491520K
  class space    used 8844K, committed 9216K, reserved 425984K
}
Event: 218.596 GC heap before
{Heap before GC invocations=17 (full 0):
 garbage-first heap   total 163840K, used 65956K [0x0000000080000000, 0x0000000100000000)
  region size 1024K, 9 young (9216K), 4 survivors (4096K)
 Metaspace       used 62979K, committed 63680K, reserved 491520K
  class space    used 8920K, committed 9280K, reserved 425984K
}
Event: 218.600 GC heap after
{Heap after GC invocations=18 (full 0):
 garbage-first heap   total 163840K, used 61462K [0x0000000080000000, 0x0000000100000000)
  region size 1024K, 4 young (4096K), 4 survivors (4096K)
 Metaspace       used 62979K, committed 63680K, reserved 491520K
  class space    used 8920K, committed 9280K, reserved 425984K
}
Event: 219.948 GC heap before
{Heap before GC invocations=19 (full 0):
 garbage-first heap   total 163840K, used 133142K [0x0000000080000000, 0x0000000100000000)
  region size 1024K, 74 young (75776K), 4 survivors (4096K)
 Metaspace       used 67438K, committed 68160K, reserved 491520K
  class space    used 9643K, committed 9984K, reserved 425984K
}
Event: 219.959 GC heap after
{Heap after GC invocations=20 (full 0):
 garbage-first heap   total 163840K, used 67222K [0x0000000080000000, 0x0000000100000000)
  region size 1024K, 9 young (9216K), 9 survivors (9216K)
 Metaspace       used 67438K, committed 68160K, reserved 491520K
  class space    used 9643K, committed 9984K, reserved 425984K
}
Event: 221.030 GC heap before
{Heap before GC invocations=20 (full 0):
 garbage-first heap   total 163840K, used 136854K [0x0000000080000000, 0x0000000100000000)
  region size 1024K, 73 young (74752K), 9 survivors (9216K)
 Metaspace       used 70836K, committed 71552K, reserved 491520K
  class space    used 10054K, committed 10368K, reserved 425984K
}
Event: 221.041 GC heap after
{Heap after GC invocations=21 (full 0):
 garbage-first heap   total 163840K, used 79758K [0x0000000080000000, 0x0000000100000000)
  region size 1024K, 9 young (9216K), 9 survivors (9216K)
 Metaspace       used 70836K, committed 71552K, reserved 491520K
  class space    used 10054K, committed 10368K, reserved 425984K
}
Event: 221.517 GC heap before
{Heap before GC invocations=21 (full 0):
 garbage-first heap   total 163840K, used 113550K [0x0000000080000000, 0x0000000100000000)
  region size 1024K, 41 young (41984K), 9 survivors (9216K)
 Metaspace       used 73995K, committed 74816K, reserved 491520K
  class space    used 10420K, committed 10816K, reserved 425984K
}
Event: 221.522 GC heap after
{Heap after GC invocations=22 (full 0):
 garbage-first heap   total 163840K, used 85603K [0x0000000080000000, 0x0000000100000000)
  region size 1024K, 4 young (4096K), 4 survivors (4096K)
 Metaspace       used 73995K, committed 74816K, reserved 491520K
  class space    used 10420K, committed 10816K, reserved 425984K
}
Event: 222.217 GC heap before
{Heap before GC invocations=23 (full 0):
 garbage-first heap   total 165888K, used 135779K [0x0000000080000000, 0x0000000100000000)
  region size 1024K, 49 young (50176K), 4 survivors (4096K)
 Metaspace       used 76572K, committed 77376K, reserved 557056K
  class space    used 10771K, committed 11136K, reserved 425984K
}
Event: 222.222 GC heap after
{Heap after GC invocations=24 (full 0):
 garbage-first heap   total 165888K, used 86532K [0x0000000080000000, 0x0000000100000000)
  region size 1024K, 7 young (7168K), 7 survivors (7168K)
 Metaspace       used 76572K, committed 77376K, reserved 557056K
  class space    used 10771K, committed 11136K, reserved 425984K
}

