# JRE version: OpenJDK Runtime Environment Microsoft-8035246 (17.0.8+7) (build 17.0.8+7-LTS)
# Java VM: OpenJDK 64-Bit Server VM Microsoft-8035246 (17.0.8+7-LTS, mixed mode, sharing, tiered, compressed oops, compressed class ptrs, g1 gc, windows-amd64)
GC Precious Log:
 CPUs: 8 total, 8 available
 Memory: 7952M
 Large Page Support: Disabled
 NUMA Support: Disabled
 Compressed Oops: Enabled (32-bit)
 Heap Region Size: 1M
 Heap Min Capacity: 8M
 Heap Initial Capacity: 126M
 Heap Max Capacity: 2G
 Pre-touch: Disabled
 Parallel Workers: 8
 Concurrent Workers: 2
 Concurrent Refinement Workers: 8
 Periodic GC: Disabled
Heap:
 garbage-first heap   total 239616K, used 171429K [0x0000000080000000, 0x0000000100000000)
  region size 1024K, 124 young (126976K), 8 survivors (8192K)
 Metaspace       used 42254K, committed 42752K, reserved 491520K
  class space    used 5721K, committed 5952K, reserved 425984K
GC Heap History (20 events):
Event: 13.484 GC heap before
{Heap before GC invocations=24 (full 0):
 garbage-first heap   total 165888K, used 140569K [0x0000000080000000, 0x0000000100000000)
  region size 1024K, 97 young (99328K), 6 survivors (6144K)
 Metaspace       used 42190K, committed 42752K, reserved 491520K
  class space    used 5712K, committed 5952K, reserved 425984K
}
Event: 13.489 GC heap after
{Heap after GC invocations=25 (full 0):
 garbage-first heap   total 199680K, used 48031K [0x0000000080000000, 0x0000000100000000)
  region size 1024K, 7 young (7168K), 7 survivors (7168K)
 Metaspace       used 42190K, committed 42752K, reserved 491520K
  class space    used 5712K, committed 5952K, reserved 425984K
}
Event: 13.789 GC heap before
{Heap before GC invocations=25 (full 0):
 garbage-first heap   total 199680K, used 160671K [0x0000000080000000, 0x0000000100000000)
  region size 1024K, 117 young (119808K), 7 survivors (7168K)
 Metaspace       used 42199K, committed 42752K, reserved 491520K
  class space    used 5712K, committed 5952K, reserved 425984K
}
Event: 13.795 GC heap after
{Heap after GC invocations=26 (full 0):
 garbage-first heap   total 199680K, used 48064K [0x0000000080000000, 0x0000000100000000)
  region size 1024K, 7 young (7168K), 7 survivors (7168K)
 Metaspace       used 42199K, committed 42752K, reserved 491520K
  class space    used 5712K, committed 5952K, reserved 425984K
}
Event: 14.188 GC heap before
{Heap before GC invocations=26 (full 0):
 garbage-first heap   total 199680K, used 169920K [0x0000000080000000, 0x0000000100000000)
  region size 1024K, 117 young (119808K), 7 survivors (7168K)
 Metaspace       used 42236K, committed 42752K, reserved 491520K
  class space    used 5720K, committed 5952K, reserved 425984K
}
Event: 14.195 GC heap after
{Heap after GC invocations=27 (full 0):
 garbage-first heap   total 199680K, used 49298K [0x0000000080000000, 0x0000000100000000)
  region size 1024K, 8 young (8192K), 8 survivors (8192K)
 Metaspace       used 42236K, committed 42752K, reserved 491520K
  class space    used 5720K, committed 5952K, reserved 425984K
}
Event: 14.443 GC heap before
{Heap before GC invocations=27 (full 0):
 garbage-first heap   total 199680K, used 160914K [0x0000000080000000, 0x0000000100000000)
  region size 1024K, 117 young (119808K), 8 survivors (8192K)
 Metaspace       used 42237K, committed 42752K, reserved 491520K
  class space    used 5720K, committed 5952K, reserved 425984K
}
Event: 14.449 GC heap after
{Heap after GC invocations=28 (full 0):
 garbage-first heap   total 199680K, used 49521K [0x0000000080000000, 0x0000000100000000)
  region size 1024K, 8 young (8192K), 8 survivors (8192K)
 Metaspace       used 42237K, committed 42752K, reserved 491520K
  class space    used 5720K, committed 5952K, reserved 425984K
}
Event: 14.655 GC heap before
{Heap before GC invocations=28 (full 0):
 garbage-first heap   total 199680K, used 161137K [0x0000000080000000, 0x0000000100000000)
  region size 1024K, 117 young (119808K), 8 survivors (8192K)
 Metaspace       used 42237K, committed 42752K, reserved 491520K
  class space    used 5720K, committed 5952K, reserved 425984K
}
Event: 14.661 GC heap after
{Heap after GC invocations=29 (full 0):
 garbage-first heap   total 239616K, used 49707K [0x0000000080000000, 0x0000000100000000)
  region size 1024K, 9 young (9216K), 9 survivors (9216K)
 Metaspace       used 42237K, committed 42752K, reserved 491520K
  class space    used 5720K, committed 5952K, reserved 425984K
}
Event: 14.986 GC heap before
{Heap before GC invocations=29 (full 0):
 garbage-first heap   total 239616K, used 184875K [0x0000000080000000, 0x0000000100000000)
  region size 1024K, 140 young (143360K), 9 survivors (9216K)
 Metaspace       used 42237K, committed 42752K, reserved 491520K
  class space    used 5720K, committed 5952K, reserved 425984K
}
Event: 14.991 GC heap after
{Heap after GC invocations=30 (full 0):
 garbage-first heap   total 239616K, used 50099K [0x0000000080000000, 0x0000000100000000)
  region size 1024K, 7 young (7168K), 7 survivors (7168K)
 Metaspace       used 42237K, committed 42752K, reserved 491520K
  class space    used 5720K, committed 5952K, reserved 425984K
}
Event: 15.334 GC heap before
{Heap before GC invocations=30 (full 0):
 garbage-first heap   total 239616K, used 186291K [0x0000000080000000, 0x0000000100000000)
  region size 1024K, 140 young (143360K), 7 survivors (7168K)
 Metaspace       used 42238K, committed 42752K, reserved 491520K
  class space    used 5720K, committed 5952K, reserved 425984K
}
Event: 15.339 GC heap after
{Heap after GC invocations=31 (full 0):
 garbage-first heap   total 239616K, used 51117K [0x0000000080000000, 0x0000000100000000)
  region size 1024K, 6 young (6144K), 6 survivors (6144K)
 Metaspace       used 42238K, committed 42752K, reserved 491520K
  class space    used 5720K, committed 5952K, reserved 425984K
}
Event: 15.667 GC heap before
{Heap before GC invocations=31 (full 0):
 garbage-first heap   total 239616K, used 188333K [0x0000000080000000, 0x0000000100000000)
  region size 1024K, 140 young (143360K), 6 survivors (6144K)
 Metaspace       used 42243K, committed 42752K, reserved 491520K
  class space    used 5721K, committed 5952K, reserved 425984K
}
Event: 15.671 GC heap after
{Heap after GC invocations=32 (full 0):
 garbage-first heap   total 239616K, used 52192K [0x0000000080000000, 0x0000000100000000)
  region size 1024K, 7 young (7168K), 7 survivors (7168K)
 Metaspace       used 42243K, committed 42752K, reserved 491520K
  class space    used 5721K, committed 5952K, reserved 425984K
}
Event: 15.975 GC heap before
{Heap before GC invocations=32 (full 0):
 garbage-first heap   total 239616K, used 188384K [0x0000000080000000, 0x0000000100000000)
  region size 1024K, 140 young (143360K), 7 survivors (7168K)
 Metaspace       used 42250K, committed 42752K, reserved 491520K
  class space    used 5721K, committed 5952K, reserved 425984K
}
Event: 15.979 GC heap after
{Heap after GC invocations=33 (full 0):
 garbage-first heap   total 239616K, used 52673K [0x0000000080000000, 0x0000000100000000)
  region size 1024K, 7 young (7168K), 7 survivors (7168K)
 Metaspace       used 42250K, committed 42752K, reserved 491520K
  class space    used 5721K, committed 5952K, reserved 425984K
}
Event: 16.243 GC heap before
{Heap before GC invocations=33 (full 0):
 garbage-first heap   total 239616K, used 188865K [0x0000000080000000, 0x0000000100000000)
  region size 1024K, 140 young (143360K), 7 survivors (7168K)
 Metaspace       used 42253K, committed 42752K, reserved 491520K
  class space    used 5721K, committed 5952K, reserved 425984K
}
Event: 16.248 GC heap after
{Heap after GC invocations=34 (full 0):
 garbage-first heap   total 239616K, used 53669K [0x0000000080000000, 0x0000000100000000)
  region size 1024K, 8 young (8192K), 8 survivors (8192K)
 Metaspace       used 42253K, committed 42752K, reserved 491520K
  class space    used 5721K, committed 5952K, reserved 425984K
}

