# JRE version: OpenJDK Runtime Environment Microsoft-8035246 (17.0.8+7) (build 17.0.8+7-LTS)
# Java VM: OpenJDK 64-Bit Server VM Microsoft-8035246 (17.0.8+7-LTS, mixed mode, sharing, tiered, compressed oops, compressed class ptrs, g1 gc, windows-amd64)
GC Precious Log:
 CPUs: 8 total, 8 available
 Memory: 7952M
 Large Page Support: Disabled
 NUMA Support: Disabled
 Compressed Oops: Enabled (32-bit)
 Heap Region Size: 1M
 Heap Min Capacity: 8M
 Heap Initial Capacity: 126M
 Heap Max Capacity: 2G
 Pre-touch: Disabled
 Parallel Workers: 8
 Concurrent Workers: 2
 Concurrent Refinement Workers: 8
 Periodic GC: Disabled
Heap:
 garbage-first heap   total 239616K, used 173164K [0x0000000080000000, 0x0000000100000000)
  region size 1024K, 41 young (41984K), 3 survivors (3072K)
 Metaspace       used 94553K, committed 95488K, reserved 557056K
  class space    used 13312K, committed 13760K, reserved 425984K
GC Heap History (20 events):
Event: 13.894 GC heap before
{Heap before GC invocations=34 (full 0):
 garbage-first heap   total 168960K, used 130768K [0x0000000080000000, 0x0000000100000000)
  region size 1024K, 47 young (48128K), 3 survivors (3072K)
 Metaspace       used 76730K, committed 77440K, reserved 557056K
  class space    used 10710K, committed 11072K, reserved 425984K
}
Event: 13.900 GC heap after
{Heap after GC invocations=35 (full 0):
 garbage-first heap   total 168960K, used 88879K [0x0000000080000000, 0x0000000100000000)
  region size 1024K, 6 young (6144K), 6 survivors (6144K)
 Metaspace       used 76730K, committed 77440K, reserved 557056K
  class space    used 10710K, committed 11072K, reserved 425984K
}
Event: 16.320 GC heap before
{Heap before GC invocations=35 (full 0):
 garbage-first heap   total 168960K, used 90927K [0x0000000080000000, 0x0000000100000000)
  region size 1024K, 8 young (8192K), 6 survivors (6144K)
 Metaspace       used 76816K, committed 77632K, reserved 557056K
  class space    used 10723K, committed 11072K, reserved 425984K
}
Event: 16.325 GC heap after
{Heap after GC invocations=36 (full 0):
 garbage-first heap   total 168960K, used 88890K [0x0000000080000000, 0x0000000100000000)
  region size 1024K, 1 young (1024K), 1 survivors (1024K)
 Metaspace       used 76816K, committed 77632K, reserved 557056K
  class space    used 10723K, committed 11072K, reserved 425984K
}
Event: 16.707 GC heap before
{Heap before GC invocations=36 (full 0):
 garbage-first heap   total 168960K, used 133946K [0x0000000080000000, 0x0000000100000000)
  region size 1024K, 45 young (46080K), 1 survivors (1024K)
 Metaspace       used 79224K, committed 80000K, reserved 557056K
  class space    used 11079K, committed 11456K, reserved 425984K
}
Event: 16.710 GC heap after
{Heap after GC invocations=37 (full 0):
 garbage-first heap   total 168960K, used 90689K [0x0000000080000000, 0x0000000100000000)
  region size 1024K, 3 young (3072K), 3 survivors (3072K)
 Metaspace       used 79224K, committed 80000K, reserved 557056K
  class space    used 11079K, committed 11456K, reserved 425984K
}
Event: 17.144 GC heap before
{Heap before GC invocations=38 (full 0):
 garbage-first heap   total 168960K, used 136769K [0x0000000080000000, 0x0000000100000000)
  region size 1024K, 47 young (48128K), 3 survivors (3072K)
 Metaspace       used 82312K, committed 83072K, reserved 557056K
  class space    used 11656K, committed 12032K, reserved 425984K
}
Event: 17.147 GC heap after
{Heap after GC invocations=39 (full 0):
 garbage-first heap   total 168960K, used 91946K [0x0000000080000000, 0x0000000100000000)
  region size 1024K, 4 young (4096K), 4 survivors (4096K)
 Metaspace       used 82312K, committed 83072K, reserved 557056K
  class space    used 11656K, committed 12032K, reserved 425984K
}
Event: 17.637 GC heap before
{Heap before GC invocations=39 (full 0):
 garbage-first heap   total 168960K, used 138026K [0x0000000080000000, 0x0000000100000000)
  region size 1024K, 49 young (50176K), 4 survivors (4096K)
 Metaspace       used 85108K, committed 85888K, reserved 557056K
  class space    used 12046K, committed 12416K, reserved 425984K
}
Event: 17.642 GC heap after
{Heap after GC invocations=40 (full 0):
 garbage-first heap   total 168960K, used 95427K [0x0000000080000000, 0x0000000100000000)
  region size 1024K, 7 young (7168K), 7 survivors (7168K)
 Metaspace       used 85108K, committed 85888K, reserved 557056K
  class space    used 12046K, committed 12416K, reserved 425984K
}
Event: 18.342 GC heap before
{Heap before GC invocations=40 (full 0):
 garbage-first heap   total 168960K, used 141507K [0x0000000080000000, 0x0000000100000000)
  region size 1024K, 49 young (50176K), 7 survivors (7168K)
 Metaspace       used 85931K, committed 86784K, reserved 557056K
  class space    used 12123K, committed 12544K, reserved 425984K
}
Event: 18.350 GC heap after
{Heap after GC invocations=41 (full 0):
 garbage-first heap   total 168960K, used 107797K [0x0000000080000000, 0x0000000100000000)
  region size 1024K, 7 young (7168K), 7 survivors (7168K)
 Metaspace       used 85931K, committed 86784K, reserved 557056K
  class space    used 12123K, committed 12544K, reserved 425984K
}
Event: 18.878 GC heap before
{Heap before GC invocations=41 (full 0):
 garbage-first heap   total 168960K, used 136469K [0x0000000080000000, 0x0000000100000000)
  region size 1024K, 36 young (36864K), 7 survivors (7168K)
 Metaspace       used 86966K, committed 87808K, reserved 557056K
  class space    used 12292K, committed 12672K, reserved 425984K
}
Event: 18.886 GC heap after
{Heap after GC invocations=42 (full 0):
 garbage-first heap   total 168960K, used 112113K [0x0000000080000000, 0x0000000100000000)
  region size 1024K, 4 young (4096K), 4 survivors (4096K)
 Metaspace       used 86966K, committed 87808K, reserved 557056K
  class space    used 12292K, committed 12672K, reserved 425984K
}
Event: 19.303 GC heap before
{Heap before GC invocations=43 (full 0):
 garbage-first heap   total 199680K, used 139761K [0x0000000080000000, 0x0000000100000000)
  region size 1024K, 28 young (28672K), 4 survivors (4096K)
 Metaspace       used 87241K, committed 88128K, reserved 557056K
  class space    used 12326K, committed 12736K, reserved 425984K
}
Event: 19.311 GC heap after
{Heap after GC invocations=44 (full 0):
 garbage-first heap   total 199680K, used 121792K [0x0000000080000000, 0x0000000100000000)
  region size 1024K, 4 young (4096K), 4 survivors (4096K)
 Metaspace       used 87241K, committed 88128K, reserved 557056K
  class space    used 12326K, committed 12736K, reserved 425984K
}
Event: 19.843 GC heap before
{Heap before GC invocations=44 (full 0):
 garbage-first heap   total 199680K, used 160704K [0x0000000080000000, 0x0000000100000000)
  region size 1024K, 42 young (43008K), 4 survivors (4096K)
 Metaspace       used 87765K, committed 88640K, reserved 557056K
  class space    used 12386K, committed 12800K, reserved 425984K
}
Event: 19.852 GC heap after
{Heap after GC invocations=45 (full 0):
 garbage-first heap   total 239616K, used 131659K [0x0000000080000000, 0x0000000100000000)
  region size 1024K, 6 young (6144K), 6 survivors (6144K)
 Metaspace       used 87765K, committed 88640K, reserved 557056K
  class space    used 12386K, committed 12800K, reserved 425984K
}
Event: 20.557 GC heap before
{Heap before GC invocations=45 (full 0):
 garbage-first heap   total 239616K, used 186955K [0x0000000080000000, 0x0000000100000000)
  region size 1024K, 60 young (61440K), 6 survivors (6144K)
 Metaspace       used 92686K, committed 93568K, reserved 557056K
  class space    used 13072K, committed 13504K, reserved 425984K
}
Event: 20.564 GC heap after
{Heap after GC invocations=46 (full 0):
 garbage-first heap   total 239616K, used 135276K [0x0000000080000000, 0x0000000100000000)
  region size 1024K, 3 young (3072K), 3 survivors (3072K)
 Metaspace       used 92686K, committed 93568K, reserved 557056K
  class space    used 13072K, committed 13504K, reserved 425984K
}

